        -:    0:Source:../src/Utils.hpp
        -:    0:Graph:Histogram.gcno
        -:    0:Data:Histogram.gcda
        -:    0:Runs:1
        -:    0:Programs:1
        -:    1://
        -:    2://
        -:    3://
        -:    4:
        -:    5:#ifndef Utils_hpp
        -:    6:#define Utils_hpp
        -:    7:
        -:    8:#include <cmath>
        -:    9:#include <iostream>
        -:   10:#include <map>
        -:   11:#include <string>
        -:   12:
        -:   13:#include <SFML/Graphics.hpp>
        -:   14:#include <SFML/System.hpp>
        -:   15:
        -:   16:float euclidianDistance(sf::Vector3f& vA, sf::Vector3f& vB);
        -:   17:float euclidianDistance(sf::Color& vA, sf::Color& vB);
        -:   18:
        -:   19:bool checkFileName(std::string& filename);
        -:   20:
        -:   21:
        -:   22:// Determine if the size of an image is valid;
        -:   23:bool sizeIsValid(unsigned sizeX, unsigned sizeY, unsigned pixDiv);
        -:   24:
        -:   25:
        -:   26:// Generic helper
        -:   27:template<typename A, typename B>
function _Z9flip_pairINSt7__cxx1112basic_stringIcSt11char_traitsIcESaIcEEEmESt4pairIT0_T_ERKS6_IS8_S7_E called 474 returned 100% blocks executed 100%
      474:   28:inline std::pair<B,A> flip_pair(const std::pair<A,B> &p)
        -:   29:{
      474:   30:    return std::pair<B,A>(p.second, p.first);
call    0 returned 474
        -:   31:}
        -:   32:
        -:   33:template<typename A, typename B>
function _Z8flip_mapINSt7__cxx1112basic_stringIcSt11char_traitsIcESaIcEEEmESt8multimapIT0_T_St4lessIS7_ESaISt4pairIKS7_S8_EEERKSt3mapIS8_S7_S9_IS8_ESaISB_IKS8_S7_EEE called 1 returned 100% blocks executed 90%
        1:   34:inline std::multimap<B,A> flip_map(const std::map<A,B> &src)
        -:   35:{
        1:   36:    std::multimap<B,A> dst;
call    0 returned 1
        1:   37:    std::transform(src.begin(), src.end(), std::inserter(dst, dst.begin()),
call    0 returned 1
call    1 returned 1
branch  2 taken 1 (fallthrough)
branch  3 taken 0 (throw)
call    4 returned 1
call    5 returned 1
call    6 returned 1
branch  7 taken 1 (fallthrough)
branch  8 taken 0 (throw)
        -:   38:                   flip_pair<A,B>);
        1:   39:    return dst;
call    0 never executed
        -:   40:}
        -:   41:
        -:   42:
        -:   43:#endif /* Utils_hpp */
